0000000000000000 b _TLS_MODULE_BASE_
0000000000000000 T __code_start
0000000000000000 0000000000000401 b __fixedpath
0000000000000000 A __start__
0000000000000000 T _start
0000000000000080 t startup
00000000000000a4 t bssclr_start
00000000000000cc t bss_loop
0000000000000120 T __nx_exit
0000000000000130 T __nx_mod0
0000000000000158 T _init
00000000000001c0 0000000000000038 T exit
0000000000000200 00000000000000bc t _GLOBAL__sub_I_musicQueue
00000000000002c0 0000000000000008 T main
00000000000002d0 0000000000000064 t _GLOBAL__sub_I_fastmix.cpp
0000000000000340 0000000000002dec t _GLOBAL__sub_I_glsl_types.cpp
0000000000000404 0000000000000004 b fsdev_last_result
0000000000000408 0000000000002000 b tmp_buffer.7421
0000000000002408 0000000000002000 b tmp_buffer.7445
0000000000003130 000000000000004c t _GLOBAL__sub_I_ir_to_mesa.cpp
0000000000003180 0000000000000090 t _GLOBAL__sub_I_st_glsl_to_tgsi.cpp
0000000000003210 0000000000000028 t _GLOBAL__sub_I_builtin_functions.cpp
0000000000003240 0000000000000c24 t _GLOBAL__sub_I_builtin_types.cpp
0000000000003e70 0000000000000048 t _GLOBAL__sub_I_nv50_ir_ra.cpp
0000000000003eb8 0000000000000054 t _GLOBAL__sub_I_eh_alloc.cc
0000000000003f10 0000000000000054 t _GLOBAL__sub_I_eh_globals.cc
0000000000003f68 t deregister_tm_clones
0000000000003f98 t register_tm_clones
0000000000003fd0 t __do_global_dtors_aux
0000000000004018 t frame_dummy
0000000000004050 0000000000000010 W std::vector<_Mix_Music*, std::allocator<_Mix_Music*> >::~vector()
0000000000004050 0000000000000010 W std::vector<_Mix_Music*, std::allocator<_Mix_Music*> >::~vector()
0000000000004060 0000000000000010 W std::vector<Mix_Chunk*, std::allocator<Mix_Chunk*> >::~vector()
0000000000004060 0000000000000010 W std::vector<Mix_Chunk*, std::allocator<Mix_Chunk*> >::~vector()
0000000000004070 0000000000000004 T CzCUBICSPLINE::~CzCUBICSPLINE()
0000000000004070 0000000000000004 T CzCUBICSPLINE::~CzCUBICSPLINE()
0000000000004070 0000000000000004 T CzWINDOWEDFIR::~CzWINDOWEDFIR()
0000000000004070 0000000000000004 T CzWINDOWEDFIR::~CzWINDOWEDFIR()
0000000000004080 0000000000000070 T Mono8BitMix(_MODCHANNEL*, int*, int*)
00000000000040f0 000000000000006c T Mono16BitMix(_MODCHANNEL*, int*, int*)
0000000000004160 0000000000000084 T Mono8BitLinearMix(_MODCHANNEL*, int*, int*)
00000000000041f0 0000000000000088 T Mono16BitLinearMix(_MODCHANNEL*, int*, int*)
0000000000004280 00000000000000bc T Mono8BitSplineMix(_MODCHANNEL*, int*, int*)
0000000000004340 00000000000000c0 T Mono16BitSplineMix(_MODCHANNEL*, int*, int*)
0000000000004400 0000000000000150 T Mono8BitFirFilterMix(_MODCHANNEL*, int*, int*)
0000000000004550 000000000000013c T Mono16BitFirFilterMix(_MODCHANNEL*, int*, int*)
0000000000004690 0000000000000080 T Mono8BitRampMix(_MODCHANNEL*, int*, int*)
0000000000004710 0000000000000084 T Mono16BitRampMix(_MODCHANNEL*, int*, int*)
00000000000047a0 0000000000000094 T Mono8BitLinearRampMix(_MODCHANNEL*, int*, int*)
0000000000004840 00000000000000a0 T Mono16BitLinearRampMix(_MODCHANNEL*, int*, int*)
00000000000048e0 00000000000000d8 T Mono8BitSplineRampMix(_MODCHANNEL*, int*, int*)
00000000000049c0 00000000000000e4 T Mono16BitSplineRampMix(_MODCHANNEL*, int*, int*)
0000000000004ab0 000000000000016c T Mono8BitFirFilterRampMix(_MODCHANNEL*, int*, int*)
0000000000004c20 0000000000000150 T Mono16BitFirFilterRampMix(_MODCHANNEL*, int*, int*)
0000000000004d70 000000000000006c T FastMono8BitMix(_MODCHANNEL*, int*, int*)
0000000000004de0 0000000000000068 T FastMono16BitMix(_MODCHANNEL*, int*, int*)
0000000000004e50 0000000000000080 T FastMono8BitLinearMix(_MODCHANNEL*, int*, int*)
0000000000004ed0 0000000000000084 T FastMono16BitLinearMix(_MODCHANNEL*, int*, int*)
0000000000004f60 000000000000007c T FastMono8BitRampMix(_MODCHANNEL*, int*, int*)
0000000000004fe0 0000000000000080 T FastMono16BitRampMix(_MODCHANNEL*, int*, int*)
0000000000005060 0000000000000090 T FastMono8BitLinearRampMix(_MODCHANNEL*, int*, int*)
00000000000050f0 000000000000009c T FastMono16BitLinearRampMix(_MODCHANNEL*, int*, int*)
0000000000005190 0000000000000080 T Stereo8BitMix(_MODCHANNEL*, int*, int*)
0000000000005210 000000000000007c T Stereo16BitMix(_MODCHANNEL*, int*, int*)
0000000000005290 000000000000009c T Stereo8BitLinearMix(_MODCHANNEL*, int*, int*)
0000000000005330 00000000000000b0 T Stereo16BitLinearMix(_MODCHANNEL*, int*, int*)
00000000000053e0 0000000000000110 T Stereo8BitSplineMix(_MODCHANNEL*, int*, int*)
00000000000054f0 0000000000000124 T Stereo16BitSplineMix(_MODCHANNEL*, int*, int*)
0000000000005620 00000000000001b4 T Stereo8BitFirFilterMix(_MODCHANNEL*, int*, int*)
00000000000057e0 00000000000001dc T Stereo16BitFirFilterMix(_MODCHANNEL*, int*, int*)
00000000000059c0 0000000000000090 T Stereo8BitRampMix(_MODCHANNEL*, int*, int*)
0000000000005a50 0000000000000094 T Stereo16BitRampMix(_MODCHANNEL*, int*, int*)
0000000000005af0 00000000000000ac T Stereo8BitLinearRampMix(_MODCHANNEL*, int*, int*)
0000000000005ba0 00000000000000c8 T Stereo16BitLinearRampMix(_MODCHANNEL*, int*, int*)
0000000000005c70 000000000000012c T Stereo8BitSplineRampMix(_MODCHANNEL*, int*, int*)
0000000000005da0 0000000000000140 T Stereo16BitSplineRampMix(_MODCHANNEL*, int*, int*)
0000000000005ee0 00000000000001c0 T Stereo8BitFirFilterRampMix(_MODCHANNEL*, int*, int*)
00000000000060a0 00000000000001f0 T Stereo16BitFirFilterRampMix(_MODCHANNEL*, int*, int*)
0000000000006290 00000000000000a0 T FilterMono8BitMix(_MODCHANNEL*, int*, int*)
0000000000006330 000000000000009c T FilterMono16BitMix(_MODCHANNEL*, int*, int*)
00000000000063d0 00000000000000b4 T FilterMono8BitLinearMix(_MODCHANNEL*, int*, int*)
0000000000006490 00000000000000b8 T FilterMono16BitLinearMix(_MODCHANNEL*, int*, int*)
0000000000006550 00000000000000fc T FilterMono8BitSplineMix(_MODCHANNEL*, int*, int*)
0000000000006650 000000000000010c T FilterMono16BitSplineMix(_MODCHANNEL*, int*, int*)
0000000000006760 0000000000000190 T FilterMono8BitFirFilterMix(_MODCHANNEL*, int*, int*)
00000000000068f0 0000000000000170 T FilterMono16BitFirFilterMix(_MODCHANNEL*, int*, int*)
0000000000006a60 00000000000000b0 T FilterMono8BitRampMix(_MODCHANNEL*, int*, int*)
0000000000006b10 00000000000000b4 T FilterMono16BitRampMix(_MODCHANNEL*, int*, int*)
0000000000006bd0 00000000000000d0 T FilterMono8BitLinearRampMix(_MODCHANNEL*, int*, int*)
0000000000006ca0 00000000000000d0 T FilterMono16BitLinearRampMix(_MODCHANNEL*, int*, int*)
0000000000006d70 000000000000011c T FilterMono8BitSplineRampMix(_MODCHANNEL*, int*, int*)
0000000000006e90 0000000000000128 T FilterMono16BitSplineRampMix(_MODCHANNEL*, int*, int*)
0000000000006fc0 00000000000001ac T FilterMono8BitFirFilterRampMix(_MODCHANNEL*, int*, int*)
0000000000007170 0000000000000190 T FilterMono16BitFirFilterRampMix(_MODCHANNEL*, int*, int*)
0000000000007300 00000000000000d0 T FilterStereo8BitMix(_MODCHANNEL*, int*, int*)
00000000000073d0 00000000000000d4 T FilterStereo16BitMix(_MODCHANNEL*, int*, int*)
00000000000074b0 0000000000000104 T FilterStereo8BitLinearMix(_MODCHANNEL*, int*, int*)
00000000000075c0 0000000000000118 T FilterStereo16BitLinearMix(_MODCHANNEL*, int*, int*)
00000000000076e0 000000000000017c T FilterStereo8BitSplineMix(_MODCHANNEL*, int*, int*)
0000000000007860 0000000000000190 T FilterStereo16BitSplineMix(_MODCHANNEL*, int*, int*)
00000000000079f0 0000000000000210 T FilterStereo8BitFirFilterMix(_MODCHANNEL*, int*, int*)
0000000000007c00 000000000000022c T FilterStereo16BitFirFilterMix(_MODCHANNEL*, int*, int*)
0000000000007e30 00000000000000f8 T FilterStereo8BitRampMix(_MODCHANNEL*, int*, int*)
0000000000007f30 00000000000000fc T FilterStereo16BitRampMix(_MODCHANNEL*, int*, int*)
0000000000008030 0000000000000120 T FilterStereo8BitLinearRampMix(_MODCHANNEL*, int*, int*)
0000000000008150 0000000000000134 T FilterStereo16BitLinearRampMix(_MODCHANNEL*, int*, int*)
0000000000008290 0000000000000198 T FilterStereo8BitSplineRampMix(_MODCHANNEL*, int*, int*)
0000000000008430 00000000000001ac T FilterStereo16BitSplineRampMix(_MODCHANNEL*, int*, int*)
00000000000085e0 0000000000000224 T FilterStereo8BitFirFilterRampMix(_MODCHANNEL*, int*, int*)
0000000000008810 0000000000000244 T FilterStereo16BitFirFilterRampMix(_MODCHANNEL*, int*, int*)
0000000000008a60 00000000000001fc T CzCUBICSPLINE::CzCUBICSPLINE()
0000000000008a60 00000000000001fc T CzCUBICSPLINE::CzCUBICSPLINE()
0000000000008c60 00000000000001f4 T CzWINDOWEDFIR::CzWINDOWEDFIR()
0000000000008c60 00000000000001f4 T CzWINDOWEDFIR::CzWINDOWEDFIR()
0000000000008e60 00000000000000b8 T FastMono8BitSplineMix(_MODCHANNEL*, int*, int*)
0000000000008f20 00000000000000bc T FastMono16BitSplineMix(_MODCHANNEL*, int*, int*)
0000000000008fe0 000000000000014c T FastMono8BitFirFilterMix(_MODCHANNEL*, int*, int*)
0000000000009130 0000000000000138 T FastMono16BitFirFilterMix(_MODCHANNEL*, int*, int*)
0000000000009270 00000000000000c8 T FastMono8BitSplineRampMix(_MODCHANNEL*, int*, int*)
0000000000009340 00000000000000d4 T FastMono16BitSplineRampMix(_MODCHANNEL*, int*, int*)
0000000000009420 0000000000000168 T FastMono8BitFirFilterRampMix(_MODCHANNEL*, int*, int*)
0000000000009590 0000000000000148 T FastMono16BitFirFilterRampMix(_MODCHANNEL*, int*, int*)
00000000000096e0 0000000000000088 T X86_Convert32To8(void*, int*, unsigned int, int*, int*)
0000000000009770 0000000000000080 T X86_Convert32To16(void*, int*, unsigned int, int*, int*)
00000000000097f0 0000000000000090 T X86_Convert32To24(void*, int*, unsigned int, int*, int*)
0000000000009880 0000000000000080 T X86_Convert32To32(void*, int*, unsigned int, int*, int*)
0000000000009900 000000000000000c T X86_InitMixBuffer(int*, unsigned int)
0000000000009910 0000000000000004 T X86_InterleaveFrontRear(int*, int*, unsigned int)
0000000000009920 000000000000003c T X86_MonoFromStereo(int*, unsigned int)
0000000000009960 0000000000000078 T X86_StereoFill(int*, unsigned int, int*, int*)
00000000000099e0 0000000000000078 T X86_EndChannelOfs(_MODCHANNEL*, int*, unsigned int)
0000000000009a60 00000000000006a8 T CSoundFile::CreateStereoMix(int)
000000000000a110 000000000000004c t unsafe_free
000000000000a160 000000000000005c t ralloc_size
000000000000a1c0 0000000000000008 t ralloc_context
000000000000a1d0 0000000000000038 t rzalloc_size
000000000000a210 000000000000001c t rzalloc_array_size
000000000000a230 000000000000005c t ralloc_free
000000000000a290 0000000000000060 t ralloc_strdup
000000000000a2f0 0000000000000008 T glsl_type::~glsl_type()
000000000000a2f0 0000000000000008 T glsl_type::~glsl_type()
000000000000a300 0000000000000090 t glsl_type::glsl_type(unsigned int, glsl_base_type, unsigned int, unsigned int, char const*, unsigned int, bool)
000000000000a300 0000000000000090 T glsl_type::glsl_type(unsigned int, glsl_base_type, unsigned int, unsigned int, char const*, unsigned int, bool)
000000000000a390 000000000000007c t glsl_type::glsl_type(unsigned int, glsl_base_type, glsl_sampler_dim, bool, bool, glsl_base_type, char const*)
000000000000a390 000000000000007c T glsl_type::glsl_type(unsigned int, glsl_base_type, glsl_sampler_dim, bool, bool, glsl_base_type, char const*)
000000000000a410 00000000000000e0 t glsl_type::glsl_type(glsl_struct_field const*, unsigned int, char const*)
000000000000a410 00000000000000e0 T glsl_type::glsl_type(glsl_struct_field const*, unsigned int, char const*)
000000000000a4f0 0000000000000040 t st_src_reg::st_src_reg(gl_register_file, int, glsl_base_type)
000000000000a4f0 0000000000000040 T st_src_reg::st_src_reg(gl_register_file, int, glsl_base_type)
000000000000a530 0000000000000044 t st_dst_reg::st_dst_reg(gl_register_file, int, glsl_base_type, int)
000000000000a530 0000000000000044 T st_dst_reg::st_dst_reg(gl_register_file, int, glsl_base_type, int)
000000000000a580 0000000000000044 t st_dst_reg::st_dst_reg(gl_register_file, int, glsl_base_type)
000000000000a580 0000000000000044 T st_dst_reg::st_dst_reg(gl_register_file, int, glsl_base_type)
000000000000a5d0 0000000000000008 t (anonymous namespace)::builtin_builder::~builtin_builder()
000000000000a5d0 0000000000000008 t (anonymous namespace)::builtin_builder::~builtin_builder()
000000000000a5e0 000000000000008c T mutexLock
000000000000a670 0000000000000030 T mutexUnlock
000000000000a6a0 000000000000004c T rmutexLock
000000000000a6f0 000000000000001c T rmutexUnlock
000000000000a710 0000000000000220 t ipcPrepareHeader
000000000000a930 000000000000022c t ipcParse
000000000000ab60 00000000000000b0 t serviceIpcParse
000000000000ac10 0000000000000078 t ipcConvertSessionToDomain
000000000000ac90 0000000000000038 t ipcQueryPointerBufferSize.part.30
000000000000acd0 0000000000000084 t ipcCloneSession.constprop.57
000000000000ad60 0000000000000034 t ipcCloseObjectById
000000000000ada0 000000000000006c t serviceClose
000000000000ae10 000000000000019c t _appletReceiveMessage
000000000000afb0 000000000000018c t _appletGetCurrentFocusState.constprop.51
000000000000b140 0000000000000164 t _appletCmdNoIO
000000000000b2b0 000000000000018c t _appletGetPerformanceMode.constprop.50
000000000000b440 000000000000018c t _appletGetOperationMode.constprop.49
000000000000b5d0 00000000000001d8 t _appletGetSession
000000000000b7b0 000000000000017c t _appletCmdNoInOut64
000000000000b930 0000000000000174 t _appletCmdInU32
000000000000bab0 000000000000017c t _appletCmdInU8
000000000000bc30 000000000000020c t _appletGetSessionProxy.constprop.46
000000000000be40 000000000000017c t _appletSetFocusHandlingMode
000000000000bfc0 0000000000000178 t _appletGetHandle.constprop.48
000000000000c140 0000000000000054 t _appletGetEvent.constprop.47
000000000000c1a0 00000000000000fc T appletSetFocusHandlingMode
000000000000c2a0 0000000000000028 T appletGetAppletResourceUserId
000000000000c2d0 0000000000000174 T appletNotifyRunning
000000000000c450 0000000000000158 T appletSetGamePlayRecordingState
000000000000c5b0 000000000000005c T appletSetCpuBoostMode
000000000000c610 00000000000005b8 T appletExit
000000000000cbd0 000000000000054c T appletInitialize
000000000000d120 0000000000000010 t _appletExitProcess
000000000000d130 0000000000000034 t ipcCloseObjectById
000000000000d170 0000000000000124 t _hidGetSharedMemoryHandle.constprop.17
000000000000d2a0 0000000000000100 t _hidCmdWithNoInput
000000000000d3a0 0000000000000134 t _hidCreateAppletResource.constprop.16
000000000000d4e0 000000000000010c t _hidCmdWithInputU32
000000000000d5f0 0000000000000108 t _hidCmdWithInputU64.constprop.18
000000000000d700 00000000000001f8 T hidReset
000000000000d900 0000000000000198 T hidSetSupportedNpadIdType
000000000000daa0 000000000000000c T hidSetSupportedNpadStyleSet
000000000000dab0 0000000000000008 T hidSetNpadJoyHoldType
000000000000dac0 000000000000000c T hidSetNpadJoyAssignmentModeDual
000000000000dad0 0000000000000080 T hidFinalizeSevenSixAxisSensor
000000000000db50 0000000000000134 T hidExit
000000000000dc90 0000000000000168 T hidInitialize
000000000000de00 0000000000000034 t ipcCloseObjectById
000000000000de40 0000000000000124 t _apmGetSession.constprop.4
000000000000df70 00000000000000f0 T apmExit
000000000000e060 0000000000000070 T apmInitialize
000000000000e0d0 00000000000000cc T apmSetPerformanceConfiguration
000000000000e1a0 0000000000000140 t _fatalImpl
000000000000e2e0 0000000000000014 T fatalWithType
000000000000e300 0000000000000014 T fatalSimple
000000000000e320 0000000000000034 t ipcCloseObjectById
000000000000e360 0000000000000044 T smAddOverrideHandle
000000000000e3b0 0000000000000060 T smGetServiceOverride
000000000000e410 0000000000000014 T smHasInitialized
000000000000e430 000000000000009c T smExit
000000000000e4d0 0000000000000038 T smEncodeName
000000000000e510 000000000000022c T smGetServiceOriginal
000000000000e740 000000000000027c T smInitialize
000000000000e9c0 0000000000000074 T smGetService
000000000000ea40 0000000000000010 T hosversionGet
000000000000ea50 0000000000000010 T hosversionSet
000000000000ea60 0000000000000208 T envSetup
000000000000ec70 0000000000000020 T envGetMainThreadHandle
000000000000ec90 000000000000000c T envIsNso
000000000000eca0 0000000000000014 T envHasHeapOverride
000000000000ecc0 000000000000000c T envGetHeapOverrideAddr
000000000000ecd0 000000000000000c T envGetHeapOverrideSize
000000000000ece0 0000000000000014 T envHasArgv
000000000000ed00 000000000000000c T envGetArgv
000000000000ed10 000000000000000c T envGetExitFuncPtr
000000000000ed20 000000000000000c T envSetExitFuncPtr
000000000000ed2c T svcSetHeapSize
000000000000ed40 T svcUnmapMemory
000000000000ed48 T svcQueryMemory
000000000000ed5c T svcExitProcess
000000000000ed64 T svcSleepThread
000000000000ed6c T svcMapSharedMemory
000000000000ed74 T svcUnmapSharedMemory
000000000000ed7c T svcCloseHandle
000000000000ed84 T svcResetSignal
000000000000ed8c T svcWaitSynchronization
000000000000eda0 T svcArbitrateLock
000000000000eda8 T svcArbitrateUnlock
000000000000edb0 T svcWaitProcessWideKeyAtomic
000000000000edb8 T svcSignalProcessWideKey
000000000000edc0 T svcConnectToNamedPort
000000000000edd4 T svcSendSyncRequest
000000000000eddc T svcBreak
000000000000ede4 T svcReturnFromException
000000000000edec T svcGetInfo
000000000000ee00 T svcUnmapTransferMemory
000000000000ee08 T __aarch64_read_tp
000000000000ee20 000000000000017c T detectKernelVersion
000000000000efa0 0000000000000030 T detectDebugger
000000000000efd0 0000000000000014 T shmemLoadRemote
000000000000eff0 0000000000000084 T shmemMap
000000000000f080 0000000000000058 T shmemUnmap
000000000000f0e0 0000000000000044 T shmemClose
000000000000f130 0000000000000104 t _waitLoop
000000000000f240 0000000000000338 t _waitObjectsImpl
000000000000f580 000000000000000c T waitObjects
000000000000f590 0000000000000084 T rwlockWriteLock
000000000000f620 000000000000003c T rwlockWriteUnlock
000000000000f660 0000000000000058 T tmemUnmap
000000000000f6c0 0000000000000068 T tmemClose
000000000000f730 000000000000007c t _GetRegionFromInfo.isra.1
000000000000f7b0 0000000000000114 T virtmemSetup
000000000000f8d0 000000000000013c T virtmemReserve
000000000000fa10 0000000000000004 T virtmemFree
000000000000fa20 000000000000000c T eventLoadRemote
000000000000fa30 0000000000000038 T eventWait
000000000000fa70 0000000000000050 T eventClose
000000000000fac0 0000000000000060 T condvarWaitTimeout
000000000000fb20 00000000000000a0 T __nx_dynamic
000000000000fbc0 00000000000000d8 W __libnx_initheap
000000000000fca0 00000000000000dc W __appInit
000000000000fd80 0000000000000044 W __appExit
000000000000fdd0 0000000000000028 W __libnx_init
000000000000fe00 0000000000000020 W __libnx_exit
000000000000fe20 000000000000001c T __syscall_exit
000000000000fe40 0000000000000034 T __syscall_getreent
000000000000fe80 0000000000000004 T __syscall_lock_acquire
000000000000fe90 0000000000000004 T __syscall_lock_release
000000000000fea0 0000000000000004 T __syscall_lock_acquire_recursive
000000000000feb0 0000000000000004 T __syscall_lock_release_recursive
000000000000fec0 0000000000000040 T __syscall_cond_broadcast
000000000000ff00 000000000000003c T __syscall_cond_wait
000000000000ff40 0000000000000044 T __syscall_tls_create
000000000000ff90 0000000000000018 T __syscall_tls_set
000000000000ffb0 0000000000000004 T __syscall_tls_get
000000000000ffc0 0000000000000018 T __syscall_tls_delete
000000000000ffe0 000000000000027c T __libnx_init_time
0000000000010260 0000000000000080 T newlibSetup
00000000000102e0 0000000000000324 T argvSetup
0000000000010610 0000000000000010 t fsdev_link
0000000000010620 0000000000000010 t fsdev_dirreset
0000000000010630 0000000000000010 t fsdev_chmod
0000000000010640 000000000000001c t error_cmp
0000000000010660 000000000000005c t fsdev_translate_error
00000000000106c0 0000000000000040 t fsdev_fsync
0000000000010700 0000000000000060 t fsdev_ftruncate
0000000000010760 0000000000000020 t fsdev_dirclose
0000000000010780 000000000000016c t fsdev_dirnext
00000000000108f0 000000000000001c t fsdev_close
0000000000010910 00000000000000a4 t fsdev_fstat
00000000000109c0 00000000000000b0 t fsdev_seek
0000000000010a70 00000000000001a0 t fsdev_read
0000000000010c10 00000000000001a8 t fsdev_write
0000000000010dc0 0000000000000120 t fsdevFindDevice
0000000000010ee0 0000000000000140 t _fsdevMountDevice
0000000000011020 00000000000001fc t fsdev_getfspath
0000000000011220 0000000000000070 t fsdev_rmdir
0000000000011290 00000000000000d4 t fsdev_statvfs
0000000000011370 00000000000000ec t fsdev_diropen
0000000000011460 0000000000000070 t fsdev_mkdir
00000000000114d0 0000000000000114 t fsdev_rename
00000000000115f0 00000000000000e8 t fsdev_chdir
00000000000116e0 0000000000000070 t fsdev_unlink
0000000000011750 00000000000001bc t fsdev_stat
0000000000011910 000000000000019c t fsdev_open
0000000000011ab0 00000000000000b8 t _fsdevUnmountDeviceStruct.part.4
0000000000011b70 0000000000000010 t fsdev_fchmod
0000000000011b80 0000000000000170 T fsdevMountSdmc
0000000000011cf0 0000000000000064 T fsdevUnmountAll
0000000000011d60 000000000000012c T decode_utf8
0000000000011e8c W __libnx_exception_entry
0000000000011f18 t __libnx_exception_entry_start
0000000000012040 t __libnx_exception_entry_abort
0000000000012044 t __libnx_exception_entry_end
000000000001204c T __libnx_exception_returnentry
0000000000012070 0000000000000010 T threadTlsGet
0000000000012080 0000000000000010 T threadTlsSet
0000000000012090 00000000000000d8 T threadTlsAlloc
0000000000012170 0000000000000048 T threadTlsFree
00000000000121c0 0000000000000034 t ipcCloseObjectById
0000000000012200 000000000000012c t _timeGetSession
0000000000012330 00000000000001ec T timeExit
0000000000012520 00000000000000d8 T timeInitialize
0000000000012600 0000000000000124 T timeGetCurrentTime
0000000000012730 0000000000000118 T timeToCalendarTimeWithMyRule
0000000000012850 0000000000000034 t ipcCloseObjectById
0000000000012890 00000000000001d4 t _setsysGetFirmwareVersionImpl
0000000000012a70 000000000000003c T setsysInitialize
0000000000012ab0 000000000000009c T setsysExit
0000000000012b50 0000000000000044 T setsysGetFirmwareVersion
0000000000012ba0 0000000000000220 t ipcPrepareHeader
0000000000012dc0 000000000000022c t ipcParse
0000000000012ff0 00000000000000b0 t serviceIpcParse
00000000000130a0 0000000000000034 t ipcCloseObjectById
00000000000130e0 0000000000000200 T fsInitialize
00000000000132e0 000000000000009c T fsExit
0000000000013380 00000000000001ec T fsMountSdcard
0000000000013570 00000000000001a4 T fsFsCreateFile
0000000000013720 000000000000019c T fsFsDeleteFile
00000000000138c0 000000000000019c T fsFsCreateDirectory
0000000000013a60 000000000000019c T fsFsDeleteDirectory
0000000000013c00 0000000000000214 T fsFsRenameFile
0000000000013e20 0000000000000214 T fsFsRenameDirectory
0000000000014040 00000000000001b0 T fsFsGetEntryType
00000000000141f0 00000000000001e4 T fsFsOpenFile
00000000000143e0 00000000000001f8 T fsFsOpenDirectory
00000000000145e0 00000000000001b0 T fsFsGetFreeSpace
0000000000014790 00000000000001b0 T fsFsGetTotalSpace
0000000000014940 0000000000000194 T fsFsGetFileTimeStampRaw
0000000000014ae0 000000000000006c T fsFsClose
0000000000014b50 00000000000001f8 T fsFileRead
0000000000014d50 00000000000001cc T fsFileWrite
0000000000014f20 000000000000017c T fsFileFlush
00000000000150a0 000000000000018c T fsFileSetSize
0000000000015230 0000000000000194 T fsFileGetSize
00000000000153d0 000000000000006c T fsFileClose
0000000000015440 000000000000006c T fsDirClose
00000000000154b0 00000000000001ec T fsDirRead
00000000000156a0 00000000000000c4 T nxlinkSetup
0000000000015768 0000000000000068 T operator new(unsigned long)
00000000000157d0 000000000000003c T __cxxabiv1::__terminate(void (*)())
0000000000015810 0000000000000010 T std::get_terminate()
0000000000015820 0000000000000010 T std::terminate()
0000000000015830 0000000000000010 T __cxxabiv1::__unexpected(void (*)())
0000000000015840 0000000000000010 T std::get_unexpected()
0000000000015850 0000000000000010 T std::unexpected()
0000000000015860 0000000000000004 T std::type_info::~type_info()
0000000000015860 0000000000000004 T std::type_info::~type_info()
0000000000015868 0000000000000008 T std::type_info::__is_pointer_p() const
0000000000015868 0000000000000008 T std::type_info::__is_function_p() const
0000000000015870 000000000000000c T std::bad_alloc::what() const
0000000000015880 0000000000000014 T std::bad_alloc::~bad_alloc()
0000000000015880 0000000000000014 T std::bad_alloc::~bad_alloc()
0000000000015898 0000000000000028 T std::bad_alloc::~bad_alloc()
00000000000158c0 0000000000000084 t get_adjusted_ptr(std::type_info const*, std::type_info const*, void**)
0000000000015948 000000000000015c t read_encoded_value_with_base(unsigned char, unsigned long, unsigned char const*, unsigned long*)
0000000000015aa8 00000000000000c0 t get_ttype_entry(lsda_header_info*, unsigned long)
0000000000015b68 0000000000000094 t check_exception_spec(lsda_header_info*, std::type_info const*, void*, long)
0000000000015c00 000000000000006c t base_of_encoded_value(unsigned char, _Unwind_Context*)
0000000000015c70 0000000000000108 t parse_lsda_header(_Unwind_Context*, unsigned char const*, lsda_header_info*)
0000000000015d78 00000000000004dc T __gxx_personality_v0
0000000000016258 00000000000000f0 T __cxa_call_unexpected
0000000000016348 000000000000006c T __cxxabiv1::__class_type_info::__do_upcast(__cxxabiv1::__class_type_info const*, void**) const
00000000000163b8 0000000000000010 T __cxxabiv1::__class_type_info::__do_find_public_src(long, void const*, __cxxabiv1::__class_type_info const*, void const*) const
00000000000163c8 0000000000000014 T __cxxabiv1::__class_type_info::~__class_type_info()
00000000000163c8 0000000000000014 T __cxxabiv1::__class_type_info::~__class_type_info()
00000000000163e0 0000000000000028 T __cxxabiv1::__class_type_info::~__class_type_info()
0000000000016408 00000000000000d4 T __cxxabiv1::__class_type_info::__do_dyncast(long, __cxxabiv1::__class_type_info::__sub_kind, __cxxabiv1::__class_type_info const*, void const*, __cxxabiv1::__class_type_info const*, void const*, __cxxabiv1::__class_type_info::__dyncast_result&) const
00000000000164e0 0000000000000068 T __cxxabiv1::__class_type_info::__do_upcast(__cxxabiv1::__class_type_info const*, void const*, __cxxabiv1::__class_type_info::__upcast_result&) const
0000000000016548 00000000000000a8 T __cxxabiv1::__class_type_info::__do_catch(std::type_info const*, void**, unsigned int) const
00000000000165f0 0000000000000010 T std::get_new_handler()
0000000000016600 000000000000000c W __gnu_cxx::__concurrence_lock_error::what() const
0000000000016610 000000000000000c W __gnu_cxx::__concurrence_unlock_error::what() const
0000000000016620 0000000000000014 W __gnu_cxx::__concurrence_lock_error::~__concurrence_lock_error()
0000000000016620 0000000000000014 W __gnu_cxx::__concurrence_lock_error::~__concurrence_lock_error()
0000000000016638 0000000000000014 W __gnu_cxx::__concurrence_unlock_error::~__concurrence_unlock_error()
0000000000016638 0000000000000014 W __gnu_cxx::__concurrence_unlock_error::~__concurrence_unlock_error()
0000000000016650 0000000000000038 W __gnu_cxx::__concurrence_lock_error::~__concurrence_lock_error()
0000000000016688 0000000000000038 W __gnu_cxx::__concurrence_unlock_error::~__concurrence_unlock_error()
00000000000166c0 0000000000000034 W __gnu_cxx::__throw_concurrence_lock_error()
00000000000166f8 0000000000000004 T std::exception::~exception()
00000000000166f8 0000000000000004 T std::exception::~exception()
0000000000016700 0000000000000014 T std::bad_exception::~bad_exception()
0000000000016700 0000000000000014 T std::bad_exception::~bad_exception()
0000000000016718 000000000000000c T std::bad_exception::what() const
0000000000016728 0000000000000028 T std::bad_exception::~bad_exception()
0000000000016750 0000000000000004 T operator delete(void*, unsigned long)
0000000000016758 0000000000000064 t __gxx_exception_cleanup(_Unwind_Reason_Code, _Unwind_Exception*)
00000000000167c0 0000000000000058 T __cxa_init_primary_exception
0000000000016818 0000000000000054 T __cxa_throw
0000000000016870 0000000000000070 T __cxa_rethrow
00000000000168e0 00000000000000a0 T __cxa_begin_catch
0000000000016980 0000000000000094 T __cxa_end_catch
0000000000016a18 0000000000000160 t (anonymous namespace)::pool::free(void*) [clone .constprop.2]
0000000000016b78 0000000000000128 t (anonymous namespace)::pool::allocate(unsigned long) [clone .constprop.3]
0000000000016ca0 0000000000000064 T __cxa_allocate_exception
0000000000016d08 0000000000000030 T __cxa_free_exception
0000000000016d38 0000000000000004 T operator delete(void*)
0000000000016d40 0000000000000014 T __cxxabiv1::__si_class_type_info::~__si_class_type_info()
0000000000016d40 0000000000000014 T __cxxabiv1::__si_class_type_info::~__si_class_type_info()
0000000000016d58 0000000000000028 T __cxxabiv1::__si_class_type_info::~__si_class_type_info()
0000000000016d80 0000000000000080 T __cxxabiv1::__si_class_type_info::__do_find_public_src(long, void const*, __cxxabiv1::__class_type_info const*, void const*) const
0000000000016e00 000000000000013c T __cxxabiv1::__si_class_type_info::__do_dyncast(long, __cxxabiv1::__class_type_info::__sub_kind, __cxxabiv1::__class_type_info const*, void const*, __cxxabiv1::__class_type_info const*, void const*, __cxxabiv1::__class_type_info::__dyncast_result&) const
0000000000016f40 0000000000000068 T __cxxabiv1::__si_class_type_info::__do_upcast(__cxxabiv1::__class_type_info const*, void const*, __cxxabiv1::__class_type_info::__upcast_result&) const
0000000000016fa8 0000000000000044 T __cxa_call_terminate
0000000000016ff0 0000000000000014 W __eh_globals_init::~__eh_globals_init()
0000000000016ff0 0000000000000014 W __eh_globals_init::~__eh_globals_init()
0000000000017008 0000000000000048 t eh_globals_dtor(void*)
0000000000017050 0000000000000024 T __cxa_get_globals_fast
0000000000017078 0000000000000074 T __cxa_get_globals
00000000000170f0 00000000000000a8 T cos
0000000000017198 0000000000000008 T fabs
00000000000171a0 000000000000010c T scalbn
00000000000172b0 00000000000000b0 T sin
0000000000017360 00000000000002dc T __ieee754_rem_pio2
0000000000017640 0000000000000130 T __kernel_cos
0000000000017770 0000000000000844 T __kernel_rem_pio2
0000000000017fb8 000000000000009c T __kernel_sin
0000000000018058 0000000000000008 T floor
0000000000018060 000000000000015c t read_encoded_value_with_base
00000000000181c0 0000000000000070 t base_of_encoded_value
0000000000018230 000000000000080c t execute_cfa_program
0000000000018a40 000000000000040c t uw_frame_state_for
0000000000018e50 0000000000000158 t init_dwarf_reg_size_table
0000000000018fa8 0000000000000720 t execute_stack_op
00000000000196c8 000000000000037c t uw_update_context_1
0000000000019a48 0000000000000244 t uw_init_context_1
0000000000019c90 00000000000000b4 t uw_update_context
0000000000019d48 00000000000000e0 t _Unwind_RaiseException_Phase2
0000000000019e28 0000000000000118 t _Unwind_ForcedUnwind_Phase2
0000000000019f40 0000000000000164 t uw_install_context_1
000000000001a0a8 0000000000000054 t _Unwind_SetGR
000000000001a100 0000000000000014 t _Unwind_GetIPInfo
000000000001a118 0000000000000008 t _Unwind_SetIP
000000000001a120 0000000000000008 t _Unwind_GetLanguageSpecificData
000000000001a128 0000000000000008 t _Unwind_GetRegionStart
000000000001a130 0000000000000008 t _Unwind_GetDataRelBase
000000000001a138 0000000000000008 t _Unwind_GetTextRelBase
000000000001a140 0000000000000004 t _Unwind_DebugHook
000000000001a148 000000000000018c t _Unwind_RaiseException
000000000001a2d8 0000000000000114 t _Unwind_Resume
000000000001a3f0 0000000000000110 t _Unwind_Resume_or_Rethrow
000000000001a500 0000000000000018 t _Unwind_DeleteException
000000000001a518 000000000000001c t fde_unencoded_compare
000000000001a538 00000000000000f4 t frame_downheap
000000000001a630 00000000000000c0 t frame_heapsort
000000000001a6f0 0000000000000060 t size_of_encoded_value
000000000001a750 000000000000015c t read_encoded_value_with_base
000000000001a8b0 0000000000000120 t get_cie_encoding
000000000001a9d0 0000000000000068 t base_from_object.isra.5
000000000001aa38 0000000000000090 t fde_single_encoding_compare
000000000001aac8 0000000000000194 t classify_object_over_fdes
000000000001ac60 0000000000000148 t add_fdes
000000000001ada8 0000000000000188 t linear_search_fdes
000000000001af30 00000000000000bc t fde_mixed_encoding_compare
000000000001aff0 0000000000000698 t search_object
000000000001b688 0000000000000120 t __deregister_frame_info_bases.part.8
000000000001b7a8 0000000000000054 t __register_frame_info.part.7
000000000001b800 0000000000000014 t __register_frame_info
000000000001b818 0000000000000018 t __deregister_frame_info
000000000001b830 00000000000001c0 t _Unwind_Find_FDE
000000000001b9f0 0000000000000018 T abort
000000000001ba08 00000000000000b8 T bsearch
000000000001bac0 0000000000000014 T __cxa_atexit
000000000001bad8 0000000000000014 T __errno
000000000001baf0 0000000000000044 T __libc_fini_array
000000000001bb38 0000000000000118 T _malloc_trim_r
000000000001bc50 00000000000002f4 T _free_r
000000000001bf48 0000000000000100 T _findenv_r
000000000001c048 000000000000008c T __libc_init_array
000000000001c0d8 000000000000001c T malloc
000000000001c0f8 000000000000001c T free
000000000001c118 000000000000087c T _malloc_r
000000000001c9c0 000000000000016c T memcpy
000000000001cb40 00000000000000ac T memmove
000000000001cc00 00000000000001dc T memset
000000000001cde0 000000000000000c T __malloc_lock
000000000001cdf0 000000000000000c T __malloc_unlock
000000000001ce00 000000000000056c T _realloc_r
000000000001d370 000000000000003c T setenv
000000000001d3b0 0000000000000264 T _setenv_r
000000000001d618 00000000000000b4 T _raise_r
000000000001d6d0 000000000000001c T raise
000000000001d6ec 00000000000000dc T strchr
000000000001d800 00000000000000e4 T strcmp
000000000001d900 0000000000000140 T strlen
000000000001da40 0000000000000084 T strncat
000000000001db1c 00000000000001b8 T strncmp
000000000001dcd8 00000000000000a8 T strncpy
000000000001dda4 00000000000000e0 T strnlen
000000000001de60 0000000000000100 T strrchr
000000000001df60 00000000000001ac t _strtoul_l.isra.0
000000000001e110 0000000000000048 T strtoul
000000000001e158 00000000000000d0 T __register_exitproc
000000000001e228 0000000000000124 T __call_exitprocs
000000000001e350 000000000000000c T __env_lock
000000000001e360 000000000000000c T __env_unlock
000000000001e370 0000000000000008 t null_write
000000000001e378 0000000000000018 T setDefaultDevice
000000000001e390 0000000000000108 T FindDevice
000000000001e498 0000000000000034 T RemoveDevice
000000000001e4d0 00000000000000d8 T AddDevice
000000000001e5a8 0000000000000010 T _getpid_r
000000000001e5b8 0000000000000010 T _kill_r
000000000001e5c8 0000000000000078 T _sbrk_r
000000000001e640 0000000000000020 T _exit
000000000001e660 0000000000000234 T _concatenate_path
000000000001e898 0000000000000178 T chdir
000000000001ea10 0000000000000014 T __libc_lock_acquire
000000000001ea28 0000000000000014 T __libc_lock_release
000000000001ea40 0000000000000014 T __libc_lock_acquire_recursive
000000000001ea58 0000000000000014 T __libc_lock_release_recursive
000000000001ea70 0000000000000018 T __libc_cond_broadcast
000000000001ea88 0000000000000018 T __libc_cond_wait
000000000001eaa0 0000000000000020 T __getreent
000000000001eac0 000000000000006c T pthread_mutex_lock
000000000001eb30 000000000000006c T pthread_mutex_unlock
000000000001eba0 00000000000000dc T pthread_once
000000000001ec80 0000000000000024 T pthread_key_create
000000000001eca8 0000000000000018 T pthread_setspecific
000000000001ecc0 0000000000000018 T pthread_getspecific
000000000001ecd8 0000000000000018 T pthread_key_delete
000000000001ecf0 T _fini
000000000001f000 R __rodata_start
000000000001fbe8 0000000000000014 r CSWTCH.101
000000000001fc78 0000000000000020 r error_table
000000000001fcd0 000000000000000d V typeinfo name for std::type_info
000000000001fce0 000000000000000d V typeinfo name for std::bad_alloc
000000000001fd00 0000000000000022 V typeinfo name for __cxxabiv1::__class_type_info
000000000001fd28 0000000000000027 V typeinfo name for __gnu_cxx::__concurrence_lock_error
000000000001fd50 0000000000000029 V typeinfo name for __gnu_cxx::__concurrence_unlock_error
000000000001fdd0 000000000000000d V typeinfo name for std::exception
000000000001fde0 0000000000000012 V typeinfo name for std::bad_exception
000000000001fdf8 0000000000000020 V typeinfo name for __cxxabiv1::__forced_unwind
000000000001fe18 0000000000000024 V typeinfo name for __cxxabiv1::__foreign_exception
000000000001fe58 0000000000000025 V typeinfo name for __cxxabiv1::__si_class_type_info
000000000001fec8 0000000000000080 r npio2_hw
000000000001ff48 0000000000000108 r two_over_pi
0000000000020080 0000000000000040 r PIo2
00000000000200c8 0000000000000010 r init_jk
0000000000020380 0000000000000008 r terminator.9403
0000000000020388 0000000000000101 R _ctype_
0000000000020498 0000000000000003 R DIRECTORY_PARENT
00000000000204a0 r __EH_FRAME_BEGIN__
00000000000204a0 R __eh_frame_hdr_end
00000000000204a0 R __eh_frame_hdr_start
0000000000024b98 r __FRAME_END__
0000000000024c60 a _DYNAMIC
000000000002a000 R __data_start
000000000002a000 t __frame_dummy_init_array_entry
000000000002a000 T __init_array_start
000000000002a000 B __preinit_array_end
000000000002a000 B __preinit_array_start
000000000002a000 D __tdata_lma
000000000002a000 D __tdata_lma_end
000000000002a058 t __do_global_dtors_aux_fini_array_entry
000000000002a058 T __fini_array_start
000000000002a058 T __init_array_end
000000000002a060 a _GLOBAL_OFFSET_TABLE_
000000000002a060 T __fini_array_end
000000000002a060 T __got_start__
000000000002a700 D __dso_handle
000000000002a700 D __got_end__
000000000002a708 0000000000000004 D CSoundFile::gnVolumeRampSamples
000000000002a70c 0000000000000004 D CSoundFile::gnAGC
000000000002a710 0000000000000004 D CSoundFile::gnBitsPerSample
000000000002a714 0000000000000004 D CSoundFile::gdwMixingFreq
000000000002a718 0000000000000004 D CSoundFile::gnChannels
000000000002a71c 0000000000000004 D CSoundFile::m_nStreamVolume
000000000002a720 0000000000000004 D CSoundFile::m_nMaxMixChannels
000000000002a724 0000000000000004 D CSoundFile::m_nStereoSeparation
000000000002a728 0000000000000200 d gpFastMixFunctionTable
000000000002a928 0000000000000200 d gpMixFunctionTable
000000000002ab28 0000000000000008 V DW.ref.__gxx_personality_v0
000000000002ab30 0000000000000008 D glsl_type::bvec2_type
000000000002ab38 0000000000000008 D glsl_type::bvec3_type
000000000002ab40 0000000000000008 D glsl_type::bvec4_type
000000000002ab48 0000000000000008 D glsl_type::dmat2_type
000000000002ab50 0000000000000008 D glsl_type::dmat3_type
000000000002ab58 0000000000000008 D glsl_type::dmat4_type
000000000002ab60 0000000000000008 D glsl_type::dvec2_type
000000000002ab68 0000000000000008 D glsl_type::dvec3_type
000000000002ab70 0000000000000008 D glsl_type::dvec4_type
000000000002ab78 0000000000000008 D glsl_type::float_type
000000000002ab80 0000000000000008 D glsl_type::ivec2_type
000000000002ab88 0000000000000008 D glsl_type::ivec3_type
000000000002ab90 0000000000000008 D glsl_type::ivec4_type
000000000002ab98 0000000000000008 D glsl_type::uvec2_type
000000000002aba0 0000000000000008 D glsl_type::uvec3_type
000000000002aba8 0000000000000008 D glsl_type::uvec4_type
000000000002abb0 0000000000000008 D glsl_type::double_type
000000000002abb8 0000000000000008 D glsl_type::mat2x3_type
000000000002abc0 0000000000000008 D glsl_type::mat2x4_type
000000000002abc8 0000000000000008 D glsl_type::mat3x2_type
000000000002abd0 0000000000000008 D glsl_type::mat3x4_type
000000000002abd8 0000000000000008 D glsl_type::mat4x2_type
000000000002abe0 0000000000000008 D glsl_type::mat4x3_type
000000000002abe8 0000000000000008 D glsl_type::dmat2x3_type
000000000002abf0 0000000000000008 D glsl_type::dmat2x4_type
000000000002abf8 0000000000000008 D glsl_type::dmat3x2_type
000000000002ac00 0000000000000008 D glsl_type::dmat3x4_type
000000000002ac08 0000000000000008 D glsl_type::dmat4x2_type
000000000002ac10 0000000000000008 D glsl_type::dmat4x3_type
000000000002ac18 0000000000000008 D glsl_type::image1D_type
000000000002ac20 0000000000000008 D glsl_type::image2D_type
000000000002ac28 0000000000000008 D glsl_type::image3D_type
000000000002ac30 0000000000000008 D glsl_type::iimage1D_type
000000000002ac38 0000000000000008 D glsl_type::iimage2D_type
000000000002ac40 0000000000000008 D glsl_type::iimage3D_type
000000000002ac48 0000000000000008 D glsl_type::uimage1D_type
000000000002ac50 0000000000000008 D glsl_type::uimage2D_type
000000000002ac58 0000000000000008 D glsl_type::uimage3D_type
000000000002ac60 0000000000000008 D glsl_type::image2DMS_type
000000000002ac68 0000000000000008 D glsl_type::imageCube_type
000000000002ac70 0000000000000008 D glsl_type::sampler1D_type
000000000002ac78 0000000000000008 D glsl_type::sampler2D_type
000000000002ac80 0000000000000008 D glsl_type::sampler3D_type
000000000002ac88 0000000000000008 D glsl_type::iimage2DMS_type
000000000002ac90 0000000000000008 D glsl_type::iimageCube_type
000000000002ac98 0000000000000008 D glsl_type::isampler1D_type
000000000002aca0 0000000000000008 D glsl_type::isampler2D_type
000000000002aca8 0000000000000008 D glsl_type::isampler3D_type
000000000002acb0 0000000000000008 D glsl_type::uimage2DMS_type
000000000002acb8 0000000000000008 D glsl_type::uimageCube_type
000000000002acc0 0000000000000008 D glsl_type::usampler1D_type
000000000002acc8 0000000000000008 D glsl_type::usampler2D_type
000000000002acd0 0000000000000008 D glsl_type::usampler3D_type
000000000002acd8 0000000000000008 D glsl_type::atomic_uint_type
000000000002ace0 0000000000000008 D glsl_type::image2DRect_type
000000000002ace8 0000000000000008 D glsl_type::imageBuffer_type
000000000002acf0 0000000000000008 D glsl_type::sampler2DMS_type
000000000002acf8 0000000000000008 D glsl_type::samplerCube_type
000000000002ad00 0000000000000008 D glsl_type::iimage2DRect_type
000000000002ad08 0000000000000008 D glsl_type::iimageBuffer_type
000000000002ad10 0000000000000008 D glsl_type::image1DArray_type
000000000002ad18 0000000000000008 D glsl_type::image2DArray_type
000000000002ad20 0000000000000008 D glsl_type::isampler2DMS_type
000000000002ad28 0000000000000008 D glsl_type::isamplerCube_type
000000000002ad30 0000000000000008 D glsl_type::uimage2DRect_type
000000000002ad38 0000000000000008 D glsl_type::uimageBuffer_type
000000000002ad40 0000000000000008 D glsl_type::usampler2DMS_type
000000000002ad48 0000000000000008 D glsl_type::usamplerCube_type
000000000002ad50 0000000000000008 D glsl_type::iimage1DArray_type
000000000002ad58 0000000000000008 D glsl_type::iimage2DArray_type
000000000002ad60 0000000000000008 D glsl_type::sampler2DRect_type
000000000002ad68 0000000000000008 D glsl_type::samplerBuffer_type
000000000002ad70 0000000000000008 D glsl_type::uimage1DArray_type
000000000002ad78 0000000000000008 D glsl_type::uimage2DArray_type
000000000002ad80 0000000000000008 D glsl_type::image2DMSArray_type
000000000002ad88 0000000000000008 D glsl_type::imageCubeArray_type
000000000002ad90 0000000000000008 D glsl_type::isampler2DRect_type
000000000002ad98 0000000000000008 D glsl_type::isamplerBuffer_type
000000000002ada0 0000000000000008 D glsl_type::sampler1DArray_type
000000000002ada8 0000000000000008 D glsl_type::sampler2DArray_type
000000000002adb0 0000000000000008 D glsl_type::usampler2DRect_type
000000000002adb8 0000000000000008 D glsl_type::usamplerBuffer_type
000000000002adc0 0000000000000008 D glsl_type::iimage2DMSArray_type
000000000002adc8 0000000000000008 D glsl_type::iimageCubeArray_type
000000000002add0 0000000000000008 D glsl_type::isampler1DArray_type
000000000002add8 0000000000000008 D glsl_type::isampler2DArray_type
000000000002ade0 0000000000000008 D glsl_type::sampler1DShadow_type
000000000002ade8 0000000000000008 D glsl_type::sampler2DShadow_type
000000000002adf0 0000000000000008 D glsl_type::uimage2DMSArray_type
000000000002adf8 0000000000000008 D glsl_type::uimageCubeArray_type
000000000002ae00 0000000000000008 D glsl_type::usampler1DArray_type
000000000002ae08 0000000000000008 D glsl_type::usampler2DArray_type
000000000002ae10 0000000000000008 D glsl_type::sampler2DMSArray_type
000000000002ae18 0000000000000008 D glsl_type::samplerCubeArray_type
000000000002ae20 0000000000000008 D glsl_type::isampler2DMSArray_type
000000000002ae28 0000000000000008 D glsl_type::isamplerCubeArray_type
000000000002ae30 0000000000000008 D glsl_type::samplerCubeShadow_type
000000000002ae38 0000000000000008 D glsl_type::usampler2DMSArray_type
000000000002ae40 0000000000000008 D glsl_type::usamplerCubeArray_type
000000000002ae48 0000000000000008 D glsl_type::sampler2DRectShadow_type
000000000002ae50 0000000000000008 D glsl_type::sampler1DArrayShadow_type
000000000002ae58 0000000000000008 D glsl_type::sampler2DArrayShadow_type
000000000002ae60 0000000000000008 D glsl_type::samplerCubeArrayShadow_type
000000000002ae68 0000000000000008 D glsl_type::int_type
000000000002ae70 0000000000000008 D glsl_type::bool_type
000000000002ae78 0000000000000008 D glsl_type::mat2_type
000000000002ae80 0000000000000008 D glsl_type::mat3_type
000000000002ae88 0000000000000008 D glsl_type::mat4_type
000000000002ae90 0000000000000008 D glsl_type::uint_type
000000000002ae98 0000000000000008 D glsl_type::vec2_type
000000000002aea0 0000000000000008 D glsl_type::vec3_type
000000000002aea8 0000000000000008 D glsl_type::vec4_type
000000000002aeb0 0000000000000008 D glsl_type::void_type
000000000002aeb8 0000000000000720 d builtin_type_versions
000000000002b5d8 0000000000000001 V __nx_applet_auto_notifyrunning
000000000002b5dc 0000000000000004 V __nx_applet_type
000000000002b5e0 0000000000000008 V __nx_exception_stack_size
000000000002b5e8 0000000000000401 d __cwd
000000000002b9ec 0000000000000004 d fsdev_fsdevice_cwd
000000000002b9f0 0000000000000004 d fsdev_fsdevice_default
000000000002b9f8 00000000000000e0 d fsdev_devoptab
000000000002bad8 0000000000000010 V typeinfo for std::type_info
000000000002bae8 0000000000000008 D __cxxabiv1::__terminate_handler
000000000002baf0 0000000000000018 V typeinfo for std::bad_alloc
000000000002bb08 0000000000000028 V vtable for std::bad_alloc
000000000002bb30 0000000000000018 V typeinfo for __cxxabiv1::__class_type_info
000000000002bb48 0000000000000058 V vtable for __cxxabiv1::__class_type_info
000000000002bba0 0000000000000018 V typeinfo for __gnu_cxx::__concurrence_lock_error
000000000002bbb8 0000000000000018 V typeinfo for __gnu_cxx::__concurrence_unlock_error
000000000002bbd0 0000000000000028 V vtable for __gnu_cxx::__concurrence_lock_error
000000000002bbf8 0000000000000028 V vtable for __gnu_cxx::__concurrence_unlock_error
000000000002bc20 0000000000000010 V typeinfo for std::exception
000000000002bc30 0000000000000018 V typeinfo for std::bad_exception
000000000002bc48 0000000000000010 V typeinfo for __cxxabiv1::__forced_unwind
000000000002bc58 0000000000000010 V typeinfo for __cxxabiv1::__foreign_exception
000000000002bc68 0000000000000028 V vtable for std::bad_exception
000000000002bc90 0000000000000018 V typeinfo for __cxxabiv1::__si_class_type_info
000000000002bca8 0000000000000058 V vtable for __cxxabiv1::__si_class_type_info
000000000002bd00 0000000000000008 D __cxxabiv1::__unexpected_handler
000000000002bd08 0000000000000008 D _impure_ptr
000000000002bd10 0000000000000768 d impure_data
000000000002c478 0000000000000008 D _global_impure_ptr
000000000002c480 0000000000000008 D __malloc_sbrk_base
000000000002c488 0000000000000008 D __malloc_trim_threshold
000000000002c490 0000000000000810 D __malloc_av_
000000000002cca0 0000000000000008 D environ
000000000002cca8 0000000000000004 d defaultDevice
000000000002ccb0 0000000000000080 D devoptab_list
000000000002cd30 00000000000000e0 D dotab_stdnull
000000000002ce10 0000000000000400 d _current_working_directory
000000000002d210 D __TMC_END__
000000000002d210 D __bss_start__
000000000002d210 b completed.7870
000000000002d218 b object.7875
000000000002d248 0000000000000004 b processMusicQueue()::index
000000000002d250 0000000000000018 B musicQueue
000000000002d268 0000000000000018 B sfxQueue
000000000002d280 0000000000000004 B gnReverbSend
000000000002d284 0000000000000004 B gbInitPlugins
000000000002d288 0000000000000004 B gnRvbLOfsVol
000000000002d28c 0000000000000004 B gnRvbROfsVol
000000000002d290 0000000000000004 B gnDryLOfsVol
000000000002d294 0000000000000004 B gnDryROfsVol
000000000002d298 0000000000000008 B CSoundFile::gpMixPluginCreateProc
000000000002d2a0 0000000000000008 B CSoundFile::gpSndMixHook
000000000002d2a8 0000000000000004 B CSoundFile::gnCPUUsage
000000000002d2ac 0000000000000004 B CSoundFile::gnVUMeter
000000000002d2b0 0000000000000004 B CSoundFile::gdwSoundSetup
000000000002d2b4 0000000000000004 B CSoundFile::gdwSysInfo
000000000002d2b8 0000000000000001 B sfir
000000000002d2c0 0000000000008010 B CzWINDOWEDFIR::lut
00000000000352d0 0000000000000001 B sspline
00000000000352d8 0000000000002000 B CzCUBICSPLINE::lut
00000000000372d8 0000000000001000 B MixFloatBuffer
00000000000382d8 0000000000001000 B MixRearBuffer
00000000000392d8 0000000000001000 B MixReverbBuffer
000000000003a2d8 0000000000002000 B MixSoundBuffer
000000000003c2d8 0000000000000030 B glsl_type::_bool_type
000000000003c308 0000000000000030 B glsl_type::_mat2_type
000000000003c338 0000000000000030 B glsl_type::_mat3_type
000000000003c368 0000000000000030 B glsl_type::_mat4_type
000000000003c398 0000000000000030 B glsl_type::_uint_type
000000000003c3c8 0000000000000030 B glsl_type::_vec2_type
000000000003c3f8 0000000000000030 B glsl_type::_vec3_type
000000000003c428 0000000000000030 B glsl_type::_vec4_type
000000000003c458 0000000000000030 B glsl_type::_vec8_type
000000000003c488 0000000000000030 B glsl_type::_void_type
000000000003c4b8 0000000000000030 B glsl_type::_bvec2_type
000000000003c4e8 0000000000000030 B glsl_type::_bvec3_type
000000000003c518 0000000000000030 B glsl_type::_bvec4_type
000000000003c548 0000000000000030 B glsl_type::_bvec8_type
000000000003c578 0000000000000030 B glsl_type::_dmat2_type
000000000003c5a8 0000000000000030 B glsl_type::_dmat3_type
000000000003c5d8 0000000000000030 B glsl_type::_dmat4_type
000000000003c608 0000000000000030 B glsl_type::_dvec2_type
000000000003c638 0000000000000030 B glsl_type::_dvec3_type
000000000003c668 0000000000000030 B glsl_type::_dvec4_type
000000000003c698 0000000000000030 B glsl_type::_dvec8_type
000000000003c6c8 0000000000000030 B glsl_type::_error_type
000000000003c6f8 0000000000000030 B glsl_type::_float_type
000000000003c728 0000000000000030 B glsl_type::_ivec2_type
000000000003c758 0000000000000030 B glsl_type::_ivec3_type
000000000003c788 0000000000000030 B glsl_type::_ivec4_type
000000000003c7b8 0000000000000030 B glsl_type::_ivec8_type
000000000003c7e8 0000000000000030 B glsl_type::_uvec2_type
000000000003c818 0000000000000030 B glsl_type::_uvec3_type
000000000003c848 0000000000000030 B glsl_type::_uvec4_type
000000000003c878 0000000000000030 B glsl_type::_uvec8_type
000000000003c8a8 0000000000000030 B glsl_type::_vec16_type
000000000003c8d8 0000000000000030 B glsl_type::_bvec16_type
000000000003c908 0000000000000030 B glsl_type::_double_type
000000000003c938 0000000000000030 B glsl_type::_dvec16_type
000000000003c968 0000000000000030 B glsl_type::_i8vec2_type
000000000003c998 0000000000000030 B glsl_type::_i8vec3_type
000000000003c9c8 0000000000000030 B glsl_type::_i8vec4_type
000000000003c9f8 0000000000000030 B glsl_type::_i8vec8_type
000000000003ca28 0000000000000030 B glsl_type::_int8_t_type
000000000003ca58 0000000000000030 B glsl_type::_ivec16_type
000000000003ca88 0000000000000030 B glsl_type::_mat2x3_type
000000000003cab8 0000000000000030 B glsl_type::_mat2x4_type
000000000003cae8 0000000000000030 B glsl_type::_mat3x2_type
000000000003cb18 0000000000000030 B glsl_type::_mat3x4_type
000000000003cb48 0000000000000030 B glsl_type::_mat4x2_type
000000000003cb78 0000000000000030 B glsl_type::_mat4x3_type
000000000003cba8 0000000000000030 B glsl_type::_u8vec2_type
000000000003cbd8 0000000000000030 B glsl_type::_u8vec3_type
000000000003cc08 0000000000000030 B glsl_type::_u8vec4_type
000000000003cc38 0000000000000030 B glsl_type::_u8vec8_type
000000000003cc68 0000000000000030 B glsl_type::_uvec16_type
000000000003cc98 0000000000000030 B glsl_type::_dmat2x3_type
000000000003ccc8 0000000000000030 B glsl_type::_dmat2x4_type
000000000003ccf8 0000000000000030 B glsl_type::_dmat3x2_type
000000000003cd28 0000000000000030 B glsl_type::_dmat3x4_type
000000000003cd58 0000000000000030 B glsl_type::_dmat4x2_type
000000000003cd88 0000000000000030 B glsl_type::_dmat4x3_type
000000000003cdb8 0000000000000030 B glsl_type::_f16mat2_type
000000000003cde8 0000000000000030 B glsl_type::_f16mat3_type
000000000003ce18 0000000000000030 B glsl_type::_f16mat4_type
000000000003ce48 0000000000000030 B glsl_type::_f16vec2_type
000000000003ce78 0000000000000030 B glsl_type::_f16vec3_type
000000000003cea8 0000000000000030 B glsl_type::_f16vec4_type
000000000003ced8 0000000000000030 B glsl_type::_f16vec8_type
000000000003cf08 0000000000000030 B glsl_type::_i16vec2_type
000000000003cf38 0000000000000030 B glsl_type::_i16vec3_type
000000000003cf68 0000000000000030 B glsl_type::_i16vec4_type
000000000003cf98 0000000000000030 B glsl_type::_i16vec8_type
000000000003cfc8 0000000000000030 B glsl_type::_i64vec2_type
000000000003cff8 0000000000000030 B glsl_type::_i64vec3_type
000000000003d028 0000000000000030 B glsl_type::_i64vec4_type
000000000003d058 0000000000000030 B glsl_type::_i64vec8_type
000000000003d088 0000000000000030 B glsl_type::_i8vec16_type
000000000003d0b8 0000000000000030 B glsl_type::_image1D_type
000000000003d0e8 0000000000000030 B glsl_type::_image2D_type
000000000003d118 0000000000000030 B glsl_type::_image3D_type
000000000003d148 0000000000000030 B glsl_type::_int16_t_type
000000000003d178 0000000000000030 B glsl_type::_int64_t_type
000000000003d1a8 0000000000000030 B glsl_type::_sampler_type
000000000003d1d8 0000000000000030 B glsl_type::_u16vec2_type
000000000003d208 0000000000000030 B glsl_type::_u16vec3_type
000000000003d238 0000000000000030 B glsl_type::_u16vec4_type
000000000003d268 0000000000000030 B glsl_type::_u16vec8_type
000000000003d298 0000000000000030 B glsl_type::_u64vec2_type
000000000003d2c8 0000000000000030 B glsl_type::_u64vec3_type
000000000003d2f8 0000000000000030 B glsl_type::_u64vec4_type
000000000003d328 0000000000000030 B glsl_type::_u64vec8_type
000000000003d358 0000000000000030 B glsl_type::_u8vec16_type
000000000003d388 0000000000000030 B glsl_type::_uint8_t_type
000000000003d3b8 0000000000000030 B glsl_type::_f16vec16_type
000000000003d3e8 0000000000000030 B glsl_type::_i16vec16_type
000000000003d418 0000000000000030 B glsl_type::_i64vec16_type
000000000003d448 0000000000000030 B glsl_type::_iimage1D_type
000000000003d478 0000000000000030 B glsl_type::_iimage2D_type
000000000003d4a8 0000000000000030 B glsl_type::_iimage3D_type
000000000003d4d8 0000000000000030 B glsl_type::_u16vec16_type
000000000003d508 0000000000000030 B glsl_type::_u64vec16_type
000000000003d538 0000000000000030 B glsl_type::_uimage1D_type
000000000003d568 0000000000000030 B glsl_type::_uimage2D_type
000000000003d598 0000000000000030 B glsl_type::_uimage3D_type
000000000003d5c8 0000000000000030 B glsl_type::_uint16_t_type
000000000003d5f8 0000000000000030 B glsl_type::_uint64_t_type
000000000003d628 0000000000000030 B glsl_type::_f16mat2x3_type
000000000003d658 0000000000000030 B glsl_type::_f16mat2x4_type
000000000003d688 0000000000000030 B glsl_type::_f16mat3x2_type
000000000003d6b8 0000000000000030 B glsl_type::_f16mat3x4_type
000000000003d6e8 0000000000000030 B glsl_type::_f16mat4x2_type
000000000003d718 0000000000000030 B glsl_type::_f16mat4x3_type
000000000003d748 0000000000000030 B glsl_type::_float16_t_type
000000000003d778 0000000000000030 B glsl_type::_image2DMS_type
000000000003d7a8 0000000000000030 B glsl_type::_imageCube_type
000000000003d7d8 0000000000000030 B glsl_type::_sampler1D_type
000000000003d808 0000000000000030 B glsl_type::_sampler2D_type
000000000003d838 0000000000000030 B glsl_type::_sampler3D_type
000000000003d868 0000000000000030 B glsl_type::_iimage2DMS_type
000000000003d898 0000000000000030 B glsl_type::_iimageCube_type
000000000003d8c8 0000000000000030 B glsl_type::_isampler1D_type
000000000003d8f8 0000000000000030 B glsl_type::_isampler2D_type
000000000003d928 0000000000000030 B glsl_type::_isampler3D_type
000000000003d958 0000000000000030 B glsl_type::_uimage2DMS_type
000000000003d988 0000000000000030 B glsl_type::_uimageCube_type
000000000003d9b8 0000000000000030 B glsl_type::_usampler1D_type
000000000003d9e8 0000000000000030 B glsl_type::_usampler2D_type
000000000003da18 0000000000000030 B glsl_type::_usampler3D_type
000000000003da48 0000000000000030 B glsl_type::_atomic_uint_type
000000000003da78 0000000000000030 B glsl_type::_image2DRect_type
000000000003daa8 0000000000000030 B glsl_type::_imageBuffer_type
000000000003dad8 0000000000000030 B glsl_type::_sampler2DMS_type
000000000003db08 0000000000000030 B glsl_type::_samplerCube_type
000000000003db38 0000000000000030 B glsl_type::_iimage2DRect_type
000000000003db68 0000000000000030 B glsl_type::_iimageBuffer_type
000000000003db98 0000000000000030 B glsl_type::_image1DArray_type
000000000003dbc8 0000000000000030 B glsl_type::_image2DArray_type
000000000003dbf8 0000000000000030 B glsl_type::_isampler2DMS_type
000000000003dc28 0000000000000030 B glsl_type::_isamplerCube_type
000000000003dc58 0000000000000030 B glsl_type::_subpassInput_type
000000000003dc88 0000000000000030 B glsl_type::_uimage2DRect_type
000000000003dcb8 0000000000000030 B glsl_type::_uimageBuffer_type
000000000003dce8 0000000000000030 B glsl_type::_usampler2DMS_type
000000000003dd18 0000000000000030 B glsl_type::_usamplerCube_type
000000000003dd48 0000000000000030 B glsl_type::_iimage1DArray_type
000000000003dd78 0000000000000030 B glsl_type::_iimage2DArray_type
000000000003dda8 0000000000000030 B glsl_type::_isubpassInput_type
000000000003ddd8 0000000000000030 B glsl_type::_sampler2DRect_type
000000000003de08 0000000000000030 B glsl_type::_samplerBuffer_type
000000000003de38 0000000000000030 B glsl_type::_uimage1DArray_type
000000000003de68 0000000000000030 B glsl_type::_uimage2DArray_type
000000000003de98 0000000000000030 B glsl_type::_usubpassInput_type
000000000003dec8 0000000000000030 B glsl_type::_image2DMSArray_type
000000000003def8 0000000000000030 B glsl_type::_imageCubeArray_type
000000000003df28 0000000000000030 B glsl_type::_isampler2DRect_type
000000000003df58 0000000000000030 B glsl_type::_isamplerBuffer_type
000000000003df88 0000000000000030 B glsl_type::_sampler1DArray_type
000000000003dfb8 0000000000000030 B glsl_type::_sampler2DArray_type
000000000003dfe8 0000000000000030 B glsl_type::_subpassInputMS_type
000000000003e018 0000000000000030 B glsl_type::_usampler2DRect_type
000000000003e048 0000000000000030 B glsl_type::_usamplerBuffer_type
000000000003e078 0000000000000030 B glsl_type::_iimage2DMSArray_type
000000000003e0a8 0000000000000030 B glsl_type::_iimageCubeArray_type
000000000003e0d8 0000000000000030 B glsl_type::_isampler1DArray_type
000000000003e108 0000000000000030 B glsl_type::_isampler2DArray_type
000000000003e138 0000000000000030 B glsl_type::_isubpassInputMS_type
000000000003e168 0000000000000030 B glsl_type::_sampler1DShadow_type
000000000003e198 0000000000000030 B glsl_type::_sampler2DShadow_type
000000000003e1c8 0000000000000030 B glsl_type::_uimage2DMSArray_type
000000000003e1f8 0000000000000030 B glsl_type::_uimageCubeArray_type
000000000003e228 0000000000000030 B glsl_type::_usampler1DArray_type
000000000003e258 0000000000000030 B glsl_type::_usampler2DArray_type
000000000003e288 0000000000000030 B glsl_type::_usubpassInputMS_type
000000000003e2b8 0000000000000030 B glsl_type::_sampler2DMSArray_type
000000000003e2e8 0000000000000030 B glsl_type::_samplerCubeArray_type
000000000003e318 0000000000000030 B glsl_type::_isampler2DMSArray_type
000000000003e348 0000000000000030 B glsl_type::_isamplerCubeArray_type
000000000003e378 0000000000000030 B glsl_type::_samplerCubeShadow_type
000000000003e3a8 0000000000000030 B glsl_type::_usampler2DMSArray_type
000000000003e3d8 0000000000000030 B glsl_type::_usamplerCubeArray_type
000000000003e408 0000000000000030 B glsl_type::_samplerExternalOES_type
000000000003e438 0000000000000030 B glsl_type::_sampler2DRectShadow_type
000000000003e468 0000000000000030 B glsl_type::_sampler1DArrayShadow_type
000000000003e498 0000000000000030 B glsl_type::_sampler2DArrayShadow_type
000000000003e4c8 0000000000000030 B glsl_type::_samplerCubeArrayShadow_type
000000000003e4f8 0000000000000030 B glsl_type::_int_type
000000000003e528 0000000000000018 b address_reg
000000000003e540 0000000000000018 b undef_dst
000000000003e558 0000000000000018 b undef_src
000000000003e570 0000000000000020 b address_reg
000000000003e590 0000000000000020 b address_reg2
000000000003e5b0 0000000000000020 b sampler_reladdr
000000000003e5d0 0000000000000020 b undef_dst
000000000003e5f0 0000000000000020 b undef_src
000000000003e610 0000000000000010 b builtins
000000000003e620 00000000000000c8 b gl_FogParameters_fields
000000000003e6e8 0000000000000078 b gl_LightProducts_fields
000000000003e760 0000000000000118 b gl_PointParameters_fields
000000000003e878 0000000000000028 b gl_LightModelProducts_fields
000000000003e8a0 00000000000000c8 b gl_MaterialParameters_fields
000000000003e968 0000000000000078 b gl_DepthRangeParameters_fields
000000000003e9e0 0000000000000028 b gl_LightModelParameters_fields
000000000003ea08 00000000000001e0 b gl_LightSourceParameters_fields
000000000003ebe8 0000000000000030 B glsl_type::_struct_gl_FogParameters_type
000000000003ec18 0000000000000030 B glsl_type::_struct_gl_LightProducts_type
000000000003ec48 0000000000000030 B glsl_type::_struct_gl_PointParameters_type
000000000003ec78 0000000000000030 B glsl_type::_struct_gl_LightModelProducts_type
000000000003eca8 0000000000000030 B glsl_type::_struct_gl_MaterialParameters_type
000000000003ecd8 0000000000000030 B glsl_type::_struct_gl_DepthRangeParameters_type
000000000003ed08 0000000000000030 B glsl_type::_struct_gl_LightModelParameters_type
000000000003ed38 0000000000000030 B glsl_type::_struct_gl_LightSourceParameters_type
000000000003ed68 0000000000000121 B nv50_ir::GCRA::relDegree
000000000003ee90 0000000000000008 V __nx_applet_PerformanceConfiguration
000000000003ee98 0000000000000004 V __nx_applet_exit_mode
000000000003ee9c 0000000000000001 b g_appletCopyrightInitialized
000000000003eea0 0000000000000028 b g_appletCopyrightTmem
000000000003eec8 0000000000000004 b g_appletCpuBoostMode
000000000003eecc 0000000000000001 b g_appletExitProcessFlag
000000000003eecd 0000000000000001 b g_appletFocusState
000000000003eed0 000000000000000c b g_appletIApplicationCreator
000000000003eee0 000000000000000c b g_appletIAudioController
000000000003eef0 000000000000000c b g_appletICommonStateGetter
000000000003ef00 000000000000000c b g_appletIDebugFunctions
000000000003ef10 000000000000000c b g_appletIDisplayController
000000000003ef20 000000000000000c b g_appletIFunctions
000000000003ef30 000000000000000c b g_appletIGlobalStateController
000000000003ef40 000000000000000c b g_appletILibraryAppletCreator
000000000003ef50 000000000000000c b g_appletILibraryAppletSelfAccessor
000000000003ef60 000000000000000c b g_appletIProcessWindingController
000000000003ef70 000000000000000c b g_appletISelfController
000000000003ef80 0000000000000008 b g_appletISelfController_ptrbufsize
000000000003ef88 000000000000000c b g_appletIWindowController
000000000003ef98 000000000000000c b g_appletLibraryAppletLaunchableEvent
000000000003efa8 000000000000000c b g_appletMessageEvent
000000000003efb4 0000000000000001 b g_appletNotifiedRunning
000000000003efb5 0000000000000001 b g_appletOperationMode
000000000003efb8 0000000000000004 b g_appletPerformanceMode
000000000003efc0 000000000000000c b g_appletProxySession
000000000003efcc 0000000000000004 b g_appletRecordingInitialized
000000000003efd0 0000000000000028 b g_appletRecordingTmem
000000000003eff8 0000000000000008 b g_appletResourceUserId
000000000003f000 000000000000000c b g_appletSrv
000000000003f010 0000000000000008 b g_refCnt
000000000003f018 0000000000000050 b g_controllerDown
000000000003f068 00000000000001e0 b g_controllerEntries
000000000003f248 0000000000000190 b g_controllerHeaders
000000000003f3d8 0000000000000050 b g_controllerHeld
000000000003f428 0000000000000028 b g_controllerLayout
000000000003f450 0000000000000500 b g_controllerMisc
000000000003f950 0000000000000050 b g_controllerOld
000000000003f9a0 0000000000000004 b g_controllerP1AutoID
000000000003f9a8 0000000000000050 b g_controllerTimestamps
000000000003f9f8 0000000000000050 b g_controllerUp
000000000003fa48 000000000000000c b g_hidIAppletResource
000000000003fa58 0000000000000010 b g_hidLock
000000000003fa68 0000000000000020 b g_hidSharedmem
000000000003fa88 000000000000000c b g_hidSrv
000000000003fa98 0000000000000020 b g_keyboardDown
000000000003fab8 0000000000000038 b g_keyboardEntry
000000000003faf0 0000000000000020 b g_keyboardHeld
000000000003fb10 0000000000000008 b g_keyboardModDown
000000000003fb18 0000000000000008 b g_keyboardModHeld
000000000003fb20 0000000000000008 b g_keyboardModOld
000000000003fb28 0000000000000008 b g_keyboardModUp
000000000003fb30 0000000000000020 b g_keyboardOld
000000000003fb50 0000000000000008 b g_keyboardTimestamp
000000000003fb58 0000000000000020 b g_keyboardUp
000000000003fb78 0000000000000400 b g_mouse
000000000003ff78 0000000000000008 b g_mouseDown
000000000003ff80 0000000000000008 b g_mouseEntry
000000000003ff88 0000000000000008 b g_mouseHeld
000000000003ff90 0000000000000008 b g_mouseOld
000000000003ff98 0000000000000008 b g_mouseTimestamp
000000000003ffa0 0000000000000008 b g_mouseUp
000000000003ffa8 0000000000000008 b g_refCnt
000000000003ffb0 0000000000000008 b g_sevenSixAxisSensorBuffer
000000000003ffb8 0000000000000028 b g_sevenSixAxisSensorTmem0
000000000003ffe0 0000000000000028 b g_sevenSixAxisSensorTmem1
0000000000040008 000000000000000a b g_sixaxisEnabled
0000000000040018 0000000000004650 b g_sixaxisLayouts
0000000000044668 0000000000000298 b g_touchEntry
0000000000044900 0000000000000008 b g_touchTimestamp
0000000000044908 000000000000000c b g_apmISession
0000000000044918 000000000000000c b g_apmSrv
0000000000044928 0000000000000008 b g_refCnt
0000000000044930 0000000000000008 b g_refCnt
0000000000044938 0000000000000200 b g_smOverrides
0000000000044b38 0000000000000008 b g_smOverridesNum
0000000000044b40 000000000000000c b g_smSrv
0000000000044b4c 0000000000000004 b g_hosVersion
0000000000044b50 0000000000000001 b g_hasRandomSeed
0000000000044b51 0000000000000001 b g_isNso
0000000000044b54 0000000000000004 b g_lastLoadResult
0000000000044b58 0000000000000008 b g_loaderRetAddr
0000000000044b60 0000000000000004 b g_mainThreadHandle
0000000000044b68 0000000000000008 b g_nextLoadArgv
0000000000044b70 0000000000000008 b g_nextLoadPath
0000000000044b78 0000000000000008 b g_overrideArgv
0000000000044b80 0000000000000008 b g_overrideHeapAddr
0000000000044b88 0000000000000008 b g_overrideHeapSize
0000000000044b90 0000000000000004 b g_processHandle
0000000000044b98 0000000000000010 b g_randomSeed
0000000000044ba8 0000000000000010 b g_syscallHints
0000000000044bb8 0000000000000004 b g_Version
0000000000044bbc 0000000000000001 b g_VersionCached
0000000000044bc0 0000000000000004 b g_VersionMutex
0000000000044bc8 0000000000000010 b g_AddressSpace
0000000000044bd8 0000000000000008 b g_CurrentAddr
0000000000044be0 0000000000000030 b g_Region
0000000000044c10 0000000000000004 b g_VirtMemMutex
0000000000044c14 0000000000000004 V __nx_exception_ignoredebug
0000000000044c20 0000000000000400 V __nx_exception_stack
0000000000045020 0000000000000008 V __nx_heap_size
0000000000045028 0000000000000008 b __bootticks
0000000000045030 0000000000000008 b __boottime
0000000000045038 0000000000000004 V __nx_time_type
0000000000045040 0000000000000008 b g_argv_empty
0000000000045048 0000000000002300 b fsdev_fsdevices
0000000000047348 0000000000000001 b fsdev_initialised
0000000000047350 0000000000000008 b g_threadList
0000000000047358 0000000000000004 b g_threadMutex
0000000000047360 00000000000000d8 b g_tlsDestructors
0000000000047438 0000000000000008 b g_tlsUsageMask
0000000000047440 0000000000000008 b g_refCnt
0000000000047448 000000000000000c b g_timeLocalSystemClock
0000000000047458 000000000000000c b g_timeNetworkSystemClock
0000000000047468 000000000000000c b g_timeSrv
0000000000047478 000000000000000c b g_timeTimeZoneService
0000000000047488 000000000000000c b g_timeUserSystemClock
0000000000047498 0000000000000008 b g_refCntSys
00000000000474a0 000000000000000c b g_setsysSrv
00000000000474b0 000000000000000c b g_fsSrv
00000000000474c0 0000000000000008 b g_refCnt
00000000000474c8 0000000000000008 b (anonymous namespace)::__new_handler
00000000000474d0 0000000000000028 b (anonymous namespace)::emergency_pool
00000000000474f8 0000000000000010 b eh_globals
0000000000047508 0000000000000008 b init
0000000000047510 0000000000000062 b dwarf_reg_size_table
0000000000047578 0000000000000004 b once_regsizes.9756
0000000000047580 0000000000000008 b marker.9297
0000000000047588 0000000000000010 b object_mutex
0000000000047598 0000000000000008 b seen_objects
00000000000475a0 0000000000000008 b unseen_objects
00000000000475a8 0000000000000028 B __malloc_current_mallinfo
00000000000475d0 0000000000000008 B __malloc_max_sbrked_mem
00000000000475d8 0000000000000008 B __malloc_max_total_mem
00000000000475e0 0000000000000008 B __malloc_top_pad
00000000000475e8 000000000000000c b __malloc_recursive_mutex
00000000000475f4 0000000000000004 b alloced.4086
00000000000475f8 000000000000000c B __atexit_recursive_mutex
0000000000047608 0000000000000008 b initial_env
0000000000047610 000000000000000c b __env_recursive_mutex
0000000000047620 0000000000000008 b heap_start.5295
0000000000047628 0000000000000008 B fake_heap_end
0000000000047630 0000000000000008 B fake_heap_start
0000000000047638 0000000000000400 b temp_cwd
0000000000047a38 0000000000000004 b __pthread_once_cv
0000000000047a3c 0000000000000004 b __pthread_once_lock
0000000000047a40 0000000000000008 B __stack_top
0000000000047a50 0000000000000340 B __nx_exceptiondump
0000000000047d90 0000000000000008 B __system_argv
0000000000047d98 0000000000000004 B __system_argc
0000000000047da0 0000000000000004 B __nxlink_host
0000000000047da8 B __tls_start
000000000004c1b0 B __bss_end__
000000000004c1b0 A __end__
000000000004c1b0 B __tls_end
000000000004d000 A __argdata__
